<?xml version="1.0" encoding="UTF-8"?>
<!-- Generated by org.testng.reporters.JUnitReportReporter -->
<testsuite skipped="0" hostname="DESKTOP-P8L6JL1" name="bms.selenium.Test_Execution" tests="10" failures="0" timestamp="23 Jun 2021 10:00:14 GMT" time="31.855" errors="0">
  <testcase name="openBrowser" time="7.934" classname="bms.selenium.Test_Execution"/>
  <testcase name="signUpNCR" time="2.179" classname="bms.selenium.Test_Execution"/>
  <testcase name="signUp" time="1.085" classname="bms.selenium.Test_Execution"/>
  <testcase name="signUpUsingGoogle" time="0.673" classname="bms.selenium.Test_Execution"/>
  <testcase name="switchWindow" time="4.902" classname="bms.selenium.Test_Execution"/>
  <testcase name="moviesData" time="2.814" classname="bms.selenium.Test_Execution"/>
  <testcase name="sports" time="6.026" classname="bms.selenium.Test_Execution"/>
  <testcase name="weekendSelector" time="4.692" classname="bms.selenium.Test_Execution"/>
  <testcase name="priceSelector" time="0.700" classname="bms.selenium.Test_Execution"/>
  <testcase name="rangeSelector" time="0.850" classname="bms.selenium.Test_Execution"/>
</testsuite> <!-- bms.selenium.Test_Execution -->
