<?xml version="1.0" encoding="UTF-8"?>
<!-- Generated by org.testng.reporters.JUnitReportReporter -->
<testsuite hostname="DESKTOP-QGA32VS" failures="0" tests="1" name="Hack2.Selenium.Hack" time="50.952" errors="0" timestamp="21 Jun 2021 05:28:50 GMT" skipped="0">
  <testcase classname="Hack2.Selenium.Hack" name="clickAllLinks" time="50.952"/>
</testsuite> <!-- Hack2.Selenium.Hack -->
