<?xml version="1.0" encoding="UTF-8"?>
<!-- Generated by org.testng.reporters.JUnitReportReporter -->
<testsuite skipped="0" hostname="DESKTOP-P8L6JL1" name="bms.selenium.Test_Execution" tests="10" failures="0" timestamp="24 Jun 2021 07:52:04 GMT" time="42.868" errors="0">
  <testcase name="openBrowser" time="11.264" classname="bms.selenium.Test_Execution"/>
  <testcase name="signUpNCR" time="1.148" classname="bms.selenium.Test_Execution"/>
  <testcase name="signUp" time="1.695" classname="bms.selenium.Test_Execution"/>
  <testcase name="signUpUsingGoogle" time="0.897" classname="bms.selenium.Test_Execution"/>
  <testcase name="switchWindow" time="12.175" classname="bms.selenium.Test_Execution"/>
  <testcase name="moviesData" time="3.532" classname="bms.selenium.Test_Execution"/>
  <testcase name="sports" time="5.954" classname="bms.selenium.Test_Execution"/>
  <testcase name="weekendSelector" time="4.653" classname="bms.selenium.Test_Execution"/>
  <testcase name="priceSelector" time="0.633" classname="bms.selenium.Test_Execution"/>
  <testcase name="rangeSelector" time="0.917" classname="bms.selenium.Test_Execution"/>
</testsuite> <!-- bms.selenium.Test_Execution -->
